2018-12-23 16:20:02 INFO  JavaRushTasksProjectComponent.projectOpened(68) - ---------- Project JavaRushTasks opened ----------
2018-12-23 16:20:02 INFO  JavaRushTasksProjectComponent.projectOpened(69) - ---------- Version 3.23 ----------

2018-12-23 16:20:02 INFO  JavaRushTasksProjectComponent.setAutoscrolls(343) - Autoscrolls успешно установлены
2018-12-23 16:20:04 INFO  ApacheHttpClient.login(231) - Ожидание ответа сервера.
2018-12-23 16:20:04 INFO  ApacheHttpClient.login(235) - responseCode = 200
2018-12-23 16:20:04 INFO  ApacheHttpClient.login(266) - JSESSIONID OK
2018-12-23 16:20:04 INFO  ApacheHttpClient.refreshUserInfo(294) - responseCode = 200
2018-12-23 16:20:04 INFO  ApacheHttpClient.refreshUserInfo(300) - Информация о пользователе получена.
2018-12-23 16:20:04 INFO  ApacheHttpClient.startGA(31) - GAService запущен.
2018-12-23 16:20:04 INFO  AbstractRestApiClient.startService(70) - EventsService запущен.
2018-12-23 16:20:16 INFO  ApacheHttpClient.getWebResourceAsStream(490) - responseCode = 200
2018-12-23 16:20:17 INFO  ApacheHttpClient.getFilteredTasks(327) - responseCode = 200
2018-12-23 16:20:29 INFO  ApacheHttpClient.getFilteredTasks(327) - responseCode = 200
2018-12-23 16:20:34 INFO  ApacheHttpClient.getFilteredTasks(327) - responseCode = 200
2018-12-23 16:20:38 INFO  ApacheHttpClient.getFilteredTasks(327) - responseCode = 200
2018-12-23 16:20:42 INFO  ApacheHttpClient.getTaskTemplateInfo(344) - responseCode = 200
2018-12-23 16:20:44 INFO  ApacheHttpClient.testConnection(190) - responseCode = 200
2018-12-23 16:20:44 INFO  ApacheHttpClient.testConnection(201) - result = true
2018-12-23 16:20:46 INFO  ApacheHttpClient.testConnection(190) - responseCode = 200
2018-12-23 16:20:46 INFO  ApacheHttpClient.testConnection(201) - result = true
2018-12-23 16:20:46 ERROR NoSwingUnderWriteAction.error(124) - AWT events are not allowed inside write action: java.awt.event.InvocationEvent[INVOCATION_DEFAULT,runnable=sun.awt.GlobalCursorManager$NativeUpdater@54708d28,notifier=null,catchExceptions=false,when=1545574842809] on sun.awt.windows.WToolkit@dbeb0d4
java.lang.Throwable: AWT events are not allowed inside write action: java.awt.event.InvocationEvent[INVOCATION_DEFAULT,runnable=sun.awt.GlobalCursorManager$NativeUpdater@54708d28,notifier=null,catchExceptions=false,when=1545574842809] on sun.awt.windows.WToolkit@dbeb0d4
	at com.intellij.openapi.diagnostic.Logger.error(Logger.java:134)
	at com.intellij.openapi.application.impl.NoSwingUnderWriteAction.lambda$watchForEvents$0(NoSwingUnderWriteAction.java:36)
	at com.intellij.ide.IdeEventQueue.dispatchEvent(IdeEventQueue.java:374)
	at java.awt.EventDispatchThread.pumpOneEventForFilters(EventDispatchThread.java:201)
	at java.awt.EventDispatchThread.pumpEventsForFilter(EventDispatchThread.java:116)
	at java.awt.EventDispatchThread.pumpEventsForHierarchy(EventDispatchThread.java:105)
	at java.awt.EventDispatchThread.pumpEvents(EventDispatchThread.java:101)
	at java.awt.EventDispatchThread.pumpEvents(EventDispatchThread.java:93)
	at java.awt.WaitDispatchSupport$2.run(WaitDispatchSupport.java:188)
	at java.awt.WaitDispatchSupport$4.run(WaitDispatchSupport.java:235)
	at java.awt.WaitDispatchSupport$4.run(WaitDispatchSupport.java:233)
	at java.security.AccessController.doPrivileged(Native Method)
	at java.awt.WaitDispatchSupport.enter(WaitDispatchSupport.java:233)
	at javafx.embed.swing.JFXPanel.initFx(JFXPanel.java:239)
	at javafx.embed.swing.JFXPanel.<init>(JFXPanel.java:264)
	at com.javarush.plugin.panel.ConditionPanel.getConditionInnerPanel(ConditionPanel.java:64)
	at com.javarush.plugin.panel.ConditionPanel.<init>(ConditionPanel.java:41)
	at com.javarush.plugin.TestEditor.<init>(TestEditor.java:48)
	at com.javarush.plugin.TestEditorProvider.createEditor(TestEditorProvider.java:66)
	at com.intellij.openapi.fileEditor.impl.FileEditorManagerImpl.lambda$openFileImpl4$8(FileEditorManagerImpl.java:856)
	at com.intellij.openapi.application.impl.ApplicationImpl.invokeAndWait(ApplicationImpl.java:670)
	at com.intellij.openapi.application.impl.ApplicationImpl.invokeAndWait(ApplicationImpl.java:683)
	at com.intellij.openapi.fileEditor.impl.FileEditorManagerImpl.openFileImpl4(FileEditorManagerImpl.java:961)
	at com.intellij.openapi.fileEditor.impl.FileEditorManagerImpl.openFileImpl3(FileEditorManagerImpl.java:781)
	at com.intellij.openapi.fileEditor.impl.FileEditorManagerImpl.lambda$openFileImpl2$4(FileEditorManagerImpl.java:763)
	at com.intellij.openapi.command.impl.CoreCommandProcessor.executeCommand(CoreCommandProcessor.java:220)
	at com.intellij.openapi.command.impl.CoreCommandProcessor.executeCommand(CoreCommandProcessor.java:178)
	at com.intellij.openapi.command.impl.CoreCommandProcessor.executeCommand(CoreCommandProcessor.java:168)
	at com.intellij.openapi.command.impl.CoreCommandProcessor.executeCommand(CoreCommandProcessor.java:154)
	at com.intellij.openapi.fileEditor.impl.FileEditorManagerImpl.openFileImpl2(FileEditorManagerImpl.java:763)
	at com.intellij.openapi.fileEditor.impl.FileEditorManagerImpl.openFileWithProviders(FileEditorManagerImpl.java:694)
	at com.intellij.openapi.fileEditor.ex.FileEditorManagerEx.openFile(FileEditorManagerEx.java:139)
	at com.javarush.plugin.TaskInfoSelectorMouseListener$WriteTaskTemplateAction.run(TaskInfoSelectorMouseListener.java:496)
	at com.intellij.openapi.application.impl.ApplicationImpl.runWriteAction(ApplicationImpl.java:1057)
	at com.javarush.plugin.TaskInfoSelectorMouseListener.selectTask(TaskInfoSelectorMouseListener.java:130)
	at com.javarush.plugin.TaskInfoSelectorMouseListener.mouseClicked(TaskInfoSelectorMouseListener.java:88)
	at java.awt.AWTEventMulticaster.mouseClicked(AWTEventMulticaster.java:270)
	at java.awt.Component.processMouseEvent(Component.java:6551)
	at javax.swing.JComponent.processMouseEvent(JComponent.java:3325)
	at java.awt.Component.processEvent(Component.java:6313)
	at java.awt.Container.processEvent(Container.java:2237)
	at java.awt.Component.dispatchEventImpl(Component.java:4903)
	at java.awt.Container.dispatchEventImpl(Container.java:2295)
	at java.awt.Component.dispatchEvent(Component.java:4725)
	at java.awt.LightweightDispatcher.retargetMouseEvent(Container.java:4889)
	at java.awt.LightweightDispatcher.processMouseEvent(Container.java:4535)
	at java.awt.LightweightDispatcher.dispatchEvent(Container.java:4467)
	at java.awt.Container.dispatchEventImpl(Container.java:2281)
	at java.awt.Window.dispatchEventImpl(Window.java:2746)
	at java.awt.Component.dispatchEvent(Component.java:4725)
	at java.awt.EventQueue.dispatchEventImpl(EventQueue.java:764)
	at java.awt.EventQueue.access$500(EventQueue.java:98)
	at java.awt.EventQueue$3.run(EventQueue.java:715)
	at java.awt.EventQueue$3.run(EventQueue.java:709)
	at java.security.AccessController.doPrivileged(Native Method)
	at java.security.ProtectionDomain$JavaSecurityAccessImpl.doIntersectionPrivilege(ProtectionDomain.java:80)
	at java.security.ProtectionDomain$JavaSecurityAccessImpl.doIntersectionPrivilege(ProtectionDomain.java:90)
	at java.awt.EventQueue$4.run(EventQueue.java:737)
	at java.awt.EventQueue$4.run(EventQueue.java:735)
	at java.security.AccessController.doPrivileged(Native Method)
	at java.security.ProtectionDomain$JavaSecurityAccessImpl.doIntersectionPrivilege(ProtectionDomain.java:80)
	at java.awt.EventQueue.dispatchEvent(EventQueue.java:734)
	at com.intellij.ide.IdeEventQueue.defaultDispatchEvent(IdeEventQueue.java:719)
	at com.intellij.ide.IdeEventQueue._dispatchEvent(IdeEventQueue.java:664)
	at com.intellij.ide.IdeEventQueue.dispatchEvent(IdeEventQueue.java:363)
	at java.awt.EventDispatchThread.pumpOneEventForFilters(EventDispatchThread.java:201)
	at java.awt.EventDispatchThread.pumpEventsForFilter(EventDispatchThread.java:116)
	at java.awt.EventDispatchThread.pumpEventsForFilter(EventDispatchThread.java:109)
	at java.awt.WaitDispatchSupport$2.run(WaitDispatchSupport.java:190)
	at java.awt.WaitDispatchSupport$4.run(WaitDispatchSupport.java:235)
	at java.awt.WaitDispatchSupport$4.run(WaitDispatchSupport.java:233)
	at java.security.AccessController.doPrivileged(Native Method)
	at java.awt.WaitDispatchSupport.enter(WaitDispatchSupport.java:233)
	at java.awt.Dialog.show(Dialog.java:1077)
	at com.intellij.openapi.ui.impl.DialogWrapperPeerImpl$MyDialog.show(DialogWrapperPeerImpl.java:698)
	at com.intellij.openapi.ui.impl.DialogWrapperPeerImpl.show(DialogWrapperPeerImpl.java:430)
	at com.intellij.openapi.ui.DialogWrapper.invokeShow(DialogWrapper.java:1681)
	at com.intellij.openapi.ui.DialogWrapper.show(DialogWrapper.java:1630)
	at com.javarush.plugin.button.SelectTaskButton.actionPerformed(SelectTaskButton.java:24)
	at com.intellij.openapi.actionSystem.ex.ActionUtil$1.run(ActionUtil.java:258)
	at com.intellij.openapi.actionSystem.ex.ActionUtil.performActionDumbAware(ActionUtil.java:275)
	at com.intellij.openapi.actionSystem.impl.ActionButton.actionPerformed(ActionButton.java:184)
	at com.intellij.openapi.actionSystem.impl.ActionButton.performAction(ActionButton.java:148)
	at com.intellij.openapi.actionSystem.impl.ActionButton.processMouseEvent(ActionButton.java:410)
	at java.awt.Component.processEvent(Component.java:6313)
	at java.awt.Container.processEvent(Container.java:2237)
	at java.awt.Component.dispatchEventImpl(Component.java:4903)
	at java.awt.Container.dispatchEventImpl(Container.java:2295)
	at java.awt.Component.dispatchEvent(Component.java:4725)
	at java.awt.LightweightDispatcher.retargetMouseEvent(Container.java:4889)
	at java.awt.LightweightDispatcher.processMouseEvent(Container.java:4526)
	at java.awt.LightweightDispatcher.dispatchEvent(Container.java:4467)
	at java.awt.Container.dispatchEventImpl(Container.java:2281)
	at java.awt.Window.dispatchEventImpl(Window.java:2746)
	at java.awt.Component.dispatchEvent(Component.java:4725)
	at java.awt.EventQueue.dispatchEventImpl(EventQueue.java:764)
	at java.awt.EventQueue.access$500(EventQueue.java:98)
	at java.awt.EventQueue$3.run(EventQueue.java:715)
	at java.awt.EventQueue$3.run(EventQueue.java:709)
	at java.security.AccessController.doPrivileged(Native Method)
	at java.security.ProtectionDomain$JavaSecurityAccessImpl.doIntersectionPrivilege(ProtectionDomain.java:80)
	at java.security.ProtectionDomain$JavaSecurityAccessImpl.doIntersectionPrivilege(ProtectionDomain.java:90)
	at java.awt.EventQueue$4.run(EventQueue.java:737)
	at java.awt.EventQueue$4.run(EventQueue.java:735)
	at java.security.AccessController.doPrivileged(Native Method)
	at java.security.ProtectionDomain$JavaSecurityAccessImpl.doIntersectionPrivilege(ProtectionDomain.java:80)
	at java.awt.EventQueue.dispatchEvent(EventQueue.java:734)
	at com.intellij.ide.IdeEventQueue.defaultDispatchEvent(IdeEventQueue.java:719)
	at com.intellij.ide.IdeEventQueue._dispatchEvent(IdeEventQueue.java:664)
	at com.intellij.ide.IdeEventQueue.dispatchEvent(IdeEventQueue.java:363)
	at java.awt.EventDispatchThread.pumpOneEventForFilters(EventDispatchThread.java:201)
	at java.awt.EventDispatchThread.pumpEventsForFilter(EventDispatchThread.java:116)
	at java.awt.EventDispatchThread.pumpEventsForHierarchy(EventDispatchThread.java:105)
	at java.awt.EventDispatchThread.pumpEvents(EventDispatchThread.java:101)
	at java.awt.EventDispatchThread.pumpEvents(EventDispatchThread.java:93)
	at java.awt.EventDispatchThread.run(EventDispatchThread.java:82)
2018-12-23 16:20:46 ERROR NoSwingUnderWriteAction.logErrorHeader(129) - IntelliJ IDEA 2018.3.1  Build #IC-183.4588.61
2018-12-23 16:20:46 ERROR NoSwingUnderWriteAction.logErrorHeader(135) - JDK: 1.8.0_152-release; VM: OpenJDK 64-Bit Server VM; Vendor: JetBrains s.r.o
2018-12-23 16:20:46 ERROR NoSwingUnderWriteAction.logErrorHeader(138) - OS: Windows 10
2018-12-23 16:20:46 ERROR NoSwingUnderWriteAction.logErrorHeader(142) - Plugin to blame: JavaRushHomeWork version: 3.23
2018-12-23 16:20:46 ERROR NoSwingUnderWriteAction.logErrorHeader(149) - Last Action: TaskChooser
2018-12-23 16:20:46 ERROR NoSwingUnderWriteAction.logErrorHeader(156) - Current Command: 
2018-12-23 16:20:47 INFO  ApacheHttpClient.getWebResourceAsStream(490) - responseCode = 200
2018-12-23 16:21:04 INFO  ApacheHttpClient.sendEvent(523) - responseCode = 200
2018-12-23 16:22:04 INFO  ApacheHttpClient.sendEvent(523) - responseCode = 200
2018-12-23 16:23:04 INFO  ApacheHttpClient.sendEvent(523) - responseCode = 200
2018-12-23 16:24:04 INFO  ApacheHttpClient.sendEvent(523) - responseCode = 200
2018-12-23 16:25:04 INFO  ApacheHttpClient.sendEvent(523) - responseCode = 200
2018-12-23 16:25:19 ERROR Task.error(124) - maxThreads must be >=1 but got: 0
java.lang.IllegalArgumentException: maxThreads must be >=1 but got: 0
	at com.intellij.util.concurrency.BoundedTaskExecutor.<init>(BoundedTaskExecutor.java:41)
	at com.intellij.util.concurrency.AppExecutorUtil.createBoundedApplicationPoolExecutor(AppExecutorUtil.java:79)
	at com.intellij.util.concurrency.AppExecutorUtil.createBoundedApplicationPoolExecutor(AppExecutorUtil.java:71)
	at git4idea.fetch.GitFetchSupportImpl.fetchInParallel(GitFetchSupportImpl.kt:95)
	at git4idea.fetch.GitFetchSupportImpl.doFetch(GitFetchSupportImpl.kt:78)
	at git4idea.fetch.GitFetchSupportImpl.fetch(GitFetchSupportImpl.kt:74)
	at git4idea.actions.GitFetch$1.run(GitFetch.java:34)
	at com.intellij.openapi.progress.impl.CoreProgressManager$TaskRunnable.run(CoreProgressManager.java:727)
	at com.intellij.openapi.progress.impl.CoreProgressManager.lambda$runProcess$2(CoreProgressManager.java:164)
	at com.intellij.openapi.progress.impl.CoreProgressManager.registerIndicatorAndRun(CoreProgressManager.java:582)
	at com.intellij.openapi.progress.impl.CoreProgressManager.executeProcessUnderProgress(CoreProgressManager.java:532)
	at com.intellij.openapi.progress.impl.ProgressManagerImpl.executeProcessUnderProgress(ProgressManagerImpl.java:87)
	at com.intellij.openapi.progress.impl.CoreProgressManager.runProcess(CoreProgressManager.java:151)
	at com.intellij.openapi.progress.impl.CoreProgressManager$4.run(CoreProgressManager.java:403)
	at com.intellij.openapi.application.impl.ApplicationImpl$1.run(ApplicationImpl.java:314)
	at java.util.concurrent.Executors$RunnableAdapter.call(Executors.java:511)
	at java.util.concurrent.FutureTask.run(FutureTask.java:266)
	at java.util.concurrent.ThreadPoolExecutor.runWorker(ThreadPoolExecutor.java:1142)
	at java.util.concurrent.ThreadPoolExecutor$Worker.run(ThreadPoolExecutor.java:617)
	at java.lang.Thread.run(Thread.java:745)
2018-12-23 16:25:19 ERROR Task.logErrorHeader(129) - IntelliJ IDEA 2018.3.1  Build #IC-183.4588.61
2018-12-23 16:25:19 ERROR Task.logErrorHeader(135) - JDK: 1.8.0_152-release; VM: OpenJDK 64-Bit Server VM; Vendor: JetBrains s.r.o
2018-12-23 16:25:19 ERROR Task.logErrorHeader(138) - OS: Windows 10
2018-12-23 16:25:19 ERROR Task.logErrorHeader(149) - Last Action: Git.Fetch
2018-12-23 16:26:04 INFO  ApacheHttpClient.sendEvent(523) - responseCode = 200
2018-12-23 16:27:04 INFO  ApacheHttpClient.sendEvent(523) - responseCode = 200
2018-12-23 16:28:04 INFO  ApacheHttpClient.sendEvent(523) - responseCode = 200
2018-12-23 16:29:04 INFO  ApacheHttpClient.sendEvent(523) - responseCode = 200
2018-12-23 16:30:04 INFO  ApacheHttpClient.sendEvent(523) - responseCode = 200
2018-12-23 16:31:04 INFO  ApacheHttpClient.sendEvent(523) - responseCode = 200
2018-12-23 16:32:04 INFO  ApacheHttpClient.sendEvent(523) - responseCode = 200
2018-12-23 16:33:04 INFO  ApacheHttpClient.sendEvent(523) - responseCode = 200
2018-12-23 16:33:35 INFO  JavaRushTasksProjectComponent.projectClosing(165) - ---------- Project JavaRushTasks closed ----------

2018-12-23 16:33:35 INFO  ApacheHttpClient.getTask(475) - responseCode = 200
2018-12-23 16:34:11 INFO  JavaRushTasksProjectComponent.projectOpened(68) - ---------- Project JavaRushTasks opened ----------
2018-12-23 16:34:11 INFO  JavaRushTasksProjectComponent.projectOpened(69) - ---------- Version 3.23 ----------

2018-12-23 16:34:11 INFO  JavaRushTasksProjectComponent.setAutoscrolls(343) - Autoscrolls успешно установлены
2018-12-23 16:34:13 INFO  ApacheHttpClient.refreshUserInfo(294) - responseCode = 200
2018-12-23 16:34:13 INFO  ApacheHttpClient.refreshUserInfo(300) - Информация о пользователе получена.
2018-12-23 16:34:13 INFO  ApacheHttpClient.startGA(31) - GAService запущен.
2018-12-23 16:34:13 INFO  AbstractRestApiClient.startService(70) - EventsService запущен.
2018-12-23 16:34:15 INFO  ApacheHttpClient.testConnection(190) - responseCode = 200
2018-12-23 16:34:15 INFO  ApacheHttpClient.testConnection(201) - result = true
2018-12-23 16:34:16 INFO  ApacheHttpClient.testConnection(190) - responseCode = 200
2018-12-23 16:34:16 INFO  ApacheHttpClient.testConnection(201) - result = true
2018-12-23 16:34:17 INFO  ApacheHttpClient.getWebResourceAsStream(490) - responseCode = 200
2018-12-23 16:34:18 INFO  ApacheHttpClient.testConnection(190) - responseCode = 200
2018-12-23 16:34:18 INFO  ApacheHttpClient.testConnection(201) - result = true
2018-12-23 16:34:20 INFO  ApacheHttpClient.testConnection(190) - responseCode = 200
2018-12-23 16:34:20 INFO  ApacheHttpClient.testConnection(201) - result = true
2018-12-23 16:35:13 INFO  ApacheHttpClient.sendEvent(523) - responseCode = 200
2018-12-23 16:36:13 INFO  ApacheHttpClient.sendEvent(523) - responseCode = 200
2018-12-23 16:37:13 INFO  ApacheHttpClient.sendEvent(523) - responseCode = 200
2018-12-23 16:38:13 INFO  ApacheHttpClient.sendEvent(523) - responseCode = 200
2018-12-23 16:42:27 INFO  JavaRushTasksProjectComponent.projectOpened(68) - ---------- Project JavaRushTasks opened ----------
2018-12-23 16:42:27 INFO  JavaRushTasksProjectComponent.projectOpened(69) - ---------- Version 3.23 ----------

2018-12-23 16:42:27 INFO  ApacheHttpClient.createAsyncHttpClient(132) - Выбрано 1 прокси. Тип : DIRECT
2018-12-23 16:42:27 INFO  ApacheHttpClient.<init>(90) - ApacheHttpClient проинстанциирован успешно.
2018-12-23 16:42:27 INFO  ApacheHttpClient.testConnection(190) - responseCode = 200
2018-12-23 16:42:27 INFO  ApacheHttpClient.testConnection(201) - result = true
2018-12-23 16:42:28 INFO  ApacheHttpClient.login(231) - Ожидание ответа сервера.
2018-12-23 16:42:28 INFO  ApacheHttpClient.login(235) - responseCode = 200
2018-12-23 16:42:28 INFO  ApacheHttpClient.login(266) - JSESSIONID OK
2018-12-23 16:42:28 INFO  ApacheHttpClient.refreshUserInfo(294) - responseCode = 200
2018-12-23 16:42:28 INFO  ApacheHttpClient.refreshUserInfo(300) - Информация о пользователе получена.
2018-12-23 16:42:28 INFO  ApacheHttpClient.startGA(31) - GAService запущен.
2018-12-23 16:42:28 WARN  JavaRushUtil.isProjectStructureCorrect(350) - Структура проекта невалидная.
2018-12-23 16:43:21 INFO  ApacheHttpClient.getWebResourceAsStream(490) - responseCode = 200
2018-12-23 16:43:21 WARN  JavaRushUtil.isProjectStructureCorrect(350) - Структура проекта невалидная.
2018-12-23 16:43:27 INFO  ApacheHttpClient.getWebResourceAsStream(490) - responseCode = 200
